<?xml version="1.0" encoding="UTF-8"?><testsuite errors="0" failures="2" name="Testing different request on resource product of best buy application" skipped="0" tests="6" time="0.64" timestamp="2021-08-05T18:42:25.982+01:00[Europe/London]"><testcase name="check if product resource of the best buy application can be accessed by users"/><testcase name="Create new products and verify product added"/><testcase name="Update products and verify product updated"><failure message="1 expectation failed.&#10;Expected status code &lt;200&gt; but was &lt;404&gt;.&#10;" type="java.lang.AssertionError">1 expectation failed.
Expected status code &lt;200&gt; but was &lt;404&gt;.
</failure><system-err>1 expectation failed.
Expected status code &lt;200&gt; but was &lt;404&gt;.
&#13;
io.restassured.internal.ResponseSpecificationImpl.validateResponseIfRequired(ResponseSpecificationImpl.groovy:636)&#13;
io.restassured.internal.ResponseSpecificationImpl.statusCode(ResponseSpecificationImpl.groovy:122)&#13;
io.restassured.internal.ResponseSpecificationImpl.statusCode(ResponseSpecificationImpl.groovy:130)&#13;
io.restassured.internal.ValidatableResponseOptionsImpl.statusCode(ValidatableResponseOptionsImpl.java:117)&#13;
com.bestbuyapi.cucumber.steps.ProductStepdefs.iVerifyThatTheProductWithNameIsUpdated(ProductStepdefs.java:74)&#13;
✽.Then I verify that the product with name"Choco Lava biscuits" is updated(product.feature:16)&#13;
</system-err></testcase><testcase name="Delete product and verify product deleted"><failure message="1 expectation failed.&#10;Expected status code &lt;200&gt; but was &lt;404&gt;.&#10;" type="java.lang.AssertionError">1 expectation failed.
Expected status code &lt;200&gt; but was &lt;404&gt;.
</failure><system-err>1 expectation failed.
Expected status code &lt;200&gt; but was &lt;404&gt;.
&#13;
io.restassured.internal.ResponseSpecificationImpl.validateResponseIfRequired(ResponseSpecificationImpl.groovy:636)&#13;
io.restassured.internal.ResponseSpecificationImpl.statusCode(ResponseSpecificationImpl.groovy:122)&#13;
io.restassured.internal.ResponseSpecificationImpl.statusCode(ResponseSpecificationImpl.groovy:130)&#13;
io.restassured.internal.ValidatableResponseOptionsImpl.statusCode(ValidatableResponseOptionsImpl.java:117)&#13;
com.bestbuyapi.cucumber.steps.ProductStepdefs.iVerifyThatTheProductWithIdIsDeleted(ProductStepdefs.java:90)&#13;
✽.Then I verify that the product with id 127687 is deleted(product.feature:24)&#13;
</system-err></testcase></testsuite>